<?xml version="1.0" encoding="UTF-8"?>
<!-- Generated by org.testng.reporters.JUnitReportReporter -->
<testsuite skipped="0" hostname="A2ML17907" name="executionClasses.FlipkartLogin" tests="1" failures="0" timestamp="28 Mar 2018 10:29:13 GMT" time="18.456" errors="0">
  <testcase name="demo" time="18.456" classname="executionClasses.FlipkartLogin"/>
</testsuite> <!-- executionClasses.FlipkartLogin -->
