<?xml version="1.0" encoding="UTF-8"?>
<!-- Generated by org.testng.reporters.JUnitReportReporter -->
<testsuite skipped="0" hostname="STPTCNTESTV02" name="executionClasses.Register" tests="1" failures="0" timestamp="19 Apr 2017 13:27:00 GMT" time="22.712" errors="0">
  <testcase name="demo" time="22.712" classname="executionClasses.Register"/>
</testsuite> <!-- executionClasses.Register -->
